{
  "stats": {
    "suites": 12,
    "tests": 41,
    "passes": 0,
    "pending": 0,
    "failures": 41,
    "start": "2021-11-22T17:42:52.825Z",
    "end": "2021-11-22T17:45:56.840Z",
    "duration": 184015,
    "testsRegistered": 41,
    "passPercent": 0,
    "pendingPercent": 0,
    "other": 0,
    "hasOther": false,
    "skipped": 0,
    "hasSkipped": false
  },
  "results": [
    {
      "uuid": "9ede9509-b8f1-4dce-89b3-3c3a8b0139e1",
      "title": "",
      "fullFile": "cypress/integration/project.spec.js",
      "file": "cypress/integration/project.spec.js",
      "beforeHooks": [],
      "afterHooks": [],
      "tests": [],
      "suites": [
        {
          "uuid": "5d8ce9e0-95b8-412d-8fb7-dc9bea548efb",
          "title": "1 - Adicione à página o título \"Paleta de Cores\".",
          "fullFile": "",
          "file": "",
          "beforeHooks": [],
          "afterHooks": [],
          "tests": [
            {
              "title": "Verifica se contém um elemento `h1` com o id `title` com o título correto",
              "fullTitle": "1 - Adicione à página o título \"Paleta de Cores\". Verifica se contém um elemento `h1` com o id `title` com o título correto",
              "timedOut": null,
              "duration": 4498,
              "state": "failed",
              "speed": null,
              "pass": false,
              "fail": true,
              "pending": false,
              "context": null,
              "code": "cy.get('h1#title').should('contain.text', 'Paleta de Cores');",
              "err": {
                "message": "CypressError: Timed out retrying: Expected to find element: 'h1#title', but never found it.",
                "estack": "CypressError: Timed out retrying: Expected to find element: 'h1#title', but never found it.\n    at cypressErr (http://localhost:41821/__cypress/runner/cypress_runner.js:149934:9)\n    at throwErr (http://localhost:41821/__cypress/runner/cypress_runner.js:149867:11)\n    at Object.throwErrByPath (http://localhost:41821/__cypress/runner/cypress_runner.js:149915:3)\n    at retry (http://localhost:41821/__cypress/runner/cypress_runner.js:144197:19)\n    at onFailFn (http://localhost:41821/__cypress/runner/cypress_runner.js:132448:16)\n    at tryCatcher (http://localhost:41821/__cypress/runner/cypress_runner.js:167415:23)\n    at Promise._settlePromiseFromHandler (http://localhost:41821/__cypress/runner/cypress_runner.js:165351:31)\n    at Promise._settlePromise (http://localhost:41821/__cypress/runner/cypress_runner.js:165408:18)\n    at Promise._settlePromise0 (http://localhost:41821/__cypress/runner/cypress_runner.js:165453:10)\n    at Promise._settlePromises (http://localhost:41821/__cypress/runner/cypress_runner.js:165528:18)\n    at Async../node_modules/bluebird/js/release/async.js.Async._drainQueue (http://localhost:41821/__cypress/runner/cypress_runner.js:162140:16)\n    at Async../node_modules/bluebird/js/release/async.js.Async._drainQueues (http://localhost:41821/__cypress/runner/cypress_runner.js:162150:10)\n    at Async.drainQueues (http://localhost:41821/__cypress/runner/cypress_runner.js:162024:14)",
                "diff": null
              },
              "uuid": "3bd8416f-79af-42b6-9030-68a5aaa98516",
              "parentUUID": "5d8ce9e0-95b8-412d-8fb7-dc9bea548efb",
              "isHook": false,
              "skipped": false
            }
          ],
          "suites": [],
          "passes": [],
          "failures": [
            "3bd8416f-79af-42b6-9030-68a5aaa98516"
          ],
          "pending": [],
          "skipped": [],
          "duration": 4498,
          "root": false,
          "rootEmpty": false,
          "_timeout": 2000
        },
        {
          "uuid": "6d8feb48-9b8a-44b2-be6f-fc6042705cd5",
          "title": "2 - Adicione à página uma paleta de quatro cores distintas.",
          "fullFile": "",
          "file": "",
          "beforeHooks": [],
          "afterHooks": [],
          "tests": [
            {
              "title": "A paleta de cores deve ser um elemento com `id` denominado `color-palette`",
              "fullTitle": "2 - Adicione à página uma paleta de quatro cores distintas. A paleta de cores deve ser um elemento com `id` denominado `color-palette`",
              "timedOut": null,
              "duration": 4439,
              "state": "failed",
              "speed": null,
              "pass": false,
              "fail": true,
              "pending": false,
              "context": null,
              "code": "cy.get('#color-palette').should('be.visible');\ncy.get('#color-palette').children('.color');",
              "err": {
                "message": "CypressError: Timed out retrying: Expected to find element: '#color-palette', but never found it.",
                "estack": "CypressError: Timed out retrying: Expected to find element: '#color-palette', but never found it.\n    at cypressErr (http://localhost:41821/__cypress/runner/cypress_runner.js:149934:9)\n    at throwErr (http://localhost:41821/__cypress/runner/cypress_runner.js:149867:11)\n    at Object.throwErrByPath (http://localhost:41821/__cypress/runner/cypress_runner.js:149915:3)\n    at retry (http://localhost:41821/__cypress/runner/cypress_runner.js:144197:19)\n    at onFailFn (http://localhost:41821/__cypress/runner/cypress_runner.js:132448:16)\n    at tryCatcher (http://localhost:41821/__cypress/runner/cypress_runner.js:167415:23)\n    at Promise._settlePromiseFromHandler (http://localhost:41821/__cypress/runner/cypress_runner.js:165351:31)\n    at Promise._settlePromise (http://localhost:41821/__cypress/runner/cypress_runner.js:165408:18)\n    at Promise._settlePromise0 (http://localhost:41821/__cypress/runner/cypress_runner.js:165453:10)\n    at Promise._settlePromises (http://localhost:41821/__cypress/runner/cypress_runner.js:165528:18)\n    at Async../node_modules/bluebird/js/release/async.js.Async._drainQueue (http://localhost:41821/__cypress/runner/cypress_runner.js:162140:16)\n    at Async../node_modules/bluebird/js/release/async.js.Async._drainQueues (http://localhost:41821/__cypress/runner/cypress_runner.js:162150:10)\n    at Async.drainQueues (http://localhost:41821/__cypress/runner/cypress_runner.js:162024:14)",
                "diff": null
              },
              "uuid": "533aaafe-5a00-4dcf-98d1-a657186cc598",
              "parentUUID": "6d8feb48-9b8a-44b2-be6f-fc6042705cd5",
              "isHook": false,
              "skipped": false
            },
            {
              "title": "Verifica se cada cor individual da paleta de cores possui a `classe` chamada `color`.",
              "fullTitle": "2 - Adicione à página uma paleta de quatro cores distintas. Verifica se cada cor individual da paleta de cores possui a `classe` chamada `color`.",
              "timedOut": null,
              "duration": 4381,
              "state": "failed",
              "speed": null,
              "pass": false,
              "fail": true,
              "pending": false,
              "context": null,
              "code": "cy.get('.color').should('have.length', 4).then(function (colors) {\n  for (var i = 0; i < colors.length; i++) {\n    cy.wrap(colors[i]).should('be.visible');\n  }\n});",
              "err": {
                "message": "CypressError: Timed out retrying: Expected to find element: '.color', but never found it.",
                "estack": "CypressError: Timed out retrying: Expected to find element: '.color', but never found it.\n    at cypressErr (http://localhost:41821/__cypress/runner/cypress_runner.js:149934:9)\n    at throwErr (http://localhost:41821/__cypress/runner/cypress_runner.js:149867:11)\n    at Object.throwErrByPath (http://localhost:41821/__cypress/runner/cypress_runner.js:149915:3)\n    at retry (http://localhost:41821/__cypress/runner/cypress_runner.js:144197:19)\n    at onFailFn (http://localhost:41821/__cypress/runner/cypress_runner.js:132448:16)\n    at tryCatcher (http://localhost:41821/__cypress/runner/cypress_runner.js:167415:23)\n    at Promise._settlePromiseFromHandler (http://localhost:41821/__cypress/runner/cypress_runner.js:165351:31)\n    at Promise._settlePromise (http://localhost:41821/__cypress/runner/cypress_runner.js:165408:18)\n    at Promise._settlePromise0 (http://localhost:41821/__cypress/runner/cypress_runner.js:165453:10)\n    at Promise._settlePromises (http://localhost:41821/__cypress/runner/cypress_runner.js:165528:18)\n    at Async../node_modules/bluebird/js/release/async.js.Async._drainQueue (http://localhost:41821/__cypress/runner/cypress_runner.js:162140:16)\n    at Async../node_modules/bluebird/js/release/async.js.Async._drainQueues (http://localhost:41821/__cypress/runner/cypress_runner.js:162150:10)\n    at Async.drainQueues (http://localhost:41821/__cypress/runner/cypress_runner.js:162024:14)",
                "diff": null
              },
              "uuid": "21ff7bac-7716-42f4-9480-30b45a44f619",
              "parentUUID": "6d8feb48-9b8a-44b2-be6f-fc6042705cd5",
              "isHook": false,
              "skipped": false
            },
            {
              "title": "Verifica se a cor de fundo de cada elemento da paleta é a cor que o elemento representa. **A única cor não permitida na paleta é a cor branca.**",
              "fullTitle": "2 - Adicione à página uma paleta de quatro cores distintas. Verifica se a cor de fundo de cada elemento da paleta é a cor que o elemento representa. **A única cor não permitida na paleta é a cor branca.**",
              "timedOut": null,
              "duration": 4395,
              "state": "failed",
              "speed": null,
              "pass": false,
              "fail": true,
              "pending": false,
              "context": null,
              "code": "cy.get('.color').each(function (color) {\n  cy.wrap(color).should('have.class', 'color').and('not.have.css', 'background-color', WHITE);\n  cy.wrap(color).should('have.css', 'background-color');\n});",
              "err": {
                "message": "CypressError: Timed out retrying: Expected to find element: '.color', but never found it.",
                "estack": "CypressError: Timed out retrying: Expected to find element: '.color', but never found it.\n    at cypressErr (http://localhost:41821/__cypress/runner/cypress_runner.js:149934:9)\n    at throwErr (http://localhost:41821/__cypress/runner/cypress_runner.js:149867:11)\n    at Object.throwErrByPath (http://localhost:41821/__cypress/runner/cypress_runner.js:149915:3)\n    at retry (http://localhost:41821/__cypress/runner/cypress_runner.js:144197:19)\n    at onFailFn (http://localhost:41821/__cypress/runner/cypress_runner.js:132448:16)\n    at tryCatcher (http://localhost:41821/__cypress/runner/cypress_runner.js:167415:23)\n    at Promise._settlePromiseFromHandler (http://localhost:41821/__cypress/runner/cypress_runner.js:165351:31)\n    at Promise._settlePromise (http://localhost:41821/__cypress/runner/cypress_runner.js:165408:18)\n    at Promise._settlePromise0 (http://localhost:41821/__cypress/runner/cypress_runner.js:165453:10)\n    at Promise._settlePromises (http://localhost:41821/__cypress/runner/cypress_runner.js:165528:18)\n    at Async../node_modules/bluebird/js/release/async.js.Async._drainQueue (http://localhost:41821/__cypress/runner/cypress_runner.js:162140:16)\n    at Async../node_modules/bluebird/js/release/async.js.Async._drainQueues (http://localhost:41821/__cypress/runner/cypress_runner.js:162150:10)\n    at Async.drainQueues (http://localhost:41821/__cypress/runner/cypress_runner.js:162024:14)",
                "diff": null
              },
              "uuid": "adc9a22b-3ac3-4f6a-836d-864528f0dfa2",
              "parentUUID": "6d8feb48-9b8a-44b2-be6f-fc6042705cd5",
              "isHook": false,
              "skipped": false
            },
            {
              "title": "Verifica se cada elemento da paleta de cores tem uma borda preta, sólida e com 1 pixel de largura;",
              "fullTitle": "2 - Adicione à página uma paleta de quatro cores distintas. Verifica se cada elemento da paleta de cores tem uma borda preta, sólida e com 1 pixel de largura;",
              "timedOut": null,
              "duration": 4466,
              "state": "failed",
              "speed": null,
              "pass": false,
              "fail": true,
              "pending": false,
              "context": null,
              "code": "cy.get('.color').each(function (color) {\n  cy.wrap(color).and('have.css', 'border', \"1px solid \".concat(BLACK)).and('have.class', 'color');\n});",
              "err": {
                "message": "CypressError: Timed out retrying: Expected to find element: '.color', but never found it.",
                "estack": "CypressError: Timed out retrying: Expected to find element: '.color', but never found it.\n    at cypressErr (http://localhost:41821/__cypress/runner/cypress_runner.js:149934:9)\n    at throwErr (http://localhost:41821/__cypress/runner/cypress_runner.js:149867:11)\n    at Object.throwErrByPath (http://localhost:41821/__cypress/runner/cypress_runner.js:149915:3)\n    at retry (http://localhost:41821/__cypress/runner/cypress_runner.js:144197:19)\n    at onFailFn (http://localhost:41821/__cypress/runner/cypress_runner.js:132448:16)\n    at tryCatcher (http://localhost:41821/__cypress/runner/cypress_runner.js:167415:23)\n    at Promise._settlePromiseFromHandler (http://localhost:41821/__cypress/runner/cypress_runner.js:165351:31)\n    at Promise._settlePromise (http://localhost:41821/__cypress/runner/cypress_runner.js:165408:18)\n    at Promise._settlePromise0 (http://localhost:41821/__cypress/runner/cypress_runner.js:165453:10)\n    at Promise._settlePromises (http://localhost:41821/__cypress/runner/cypress_runner.js:165528:18)\n    at Async../node_modules/bluebird/js/release/async.js.Async._drainQueue (http://localhost:41821/__cypress/runner/cypress_runner.js:162140:16)\n    at Async../node_modules/bluebird/js/release/async.js.Async._drainQueues (http://localhost:41821/__cypress/runner/cypress_runner.js:162150:10)\n    at Async.drainQueues (http://localhost:41821/__cypress/runner/cypress_runner.js:162024:14)",
                "diff": null
              },
              "uuid": "569625c0-46cc-40a0-a65c-a12a24ccea0a",
              "parentUUID": "6d8feb48-9b8a-44b2-be6f-fc6042705cd5",
              "isHook": false,
              "skipped": false
            },
            {
              "title": "Verifica se a paleta lista todas as cores disponíveis para utilização, lado a lado.",
              "fullTitle": "2 - Adicione à página uma paleta de quatro cores distintas. Verifica se a paleta lista todas as cores disponíveis para utilização, lado a lado.",
              "timedOut": null,
              "duration": 4609,
              "state": "failed",
              "speed": null,
              "pass": false,
              "fail": true,
              "pending": false,
              "context": null,
              "code": "cy.get('.color').then(function (colors) {\n  for (var index = 1; index < colors.length; index += 1) {\n    var currentColor = colors[index];\n    var previousColor = colors[index - 1];\n    cy.wrap(currentColor).should('be.onTheRightOf', previousColor).and('be.horizontallyAlignedWith', previousColor);\n  }\n});",
              "err": {
                "message": "CypressError: Timed out retrying: Expected to find element: '.color', but never found it.",
                "estack": "CypressError: Timed out retrying: Expected to find element: '.color', but never found it.\n    at cypressErr (http://localhost:41821/__cypress/runner/cypress_runner.js:149934:9)\n    at throwErr (http://localhost:41821/__cypress/runner/cypress_runner.js:149867:11)\n    at Object.throwErrByPath (http://localhost:41821/__cypress/runner/cypress_runner.js:149915:3)\n    at retry (http://localhost:41821/__cypress/runner/cypress_runner.js:144197:19)\n    at onFailFn (http://localhost:41821/__cypress/runner/cypress_runner.js:132448:16)\n    at tryCatcher (http://localhost:41821/__cypress/runner/cypress_runner.js:167415:23)\n    at Promise._settlePromiseFromHandler (http://localhost:41821/__cypress/runner/cypress_runner.js:165351:31)\n    at Promise._settlePromise (http://localhost:41821/__cypress/runner/cypress_runner.js:165408:18)\n    at Promise._settlePromise0 (http://localhost:41821/__cypress/runner/cypress_runner.js:165453:10)\n    at Promise._settlePromises (http://localhost:41821/__cypress/runner/cypress_runner.js:165528:18)\n    at Async../node_modules/bluebird/js/release/async.js.Async._drainQueue (http://localhost:41821/__cypress/runner/cypress_runner.js:162140:16)\n    at Async../node_modules/bluebird/js/release/async.js.Async._drainQueues (http://localhost:41821/__cypress/runner/cypress_runner.js:162150:10)\n    at Async.drainQueues (http://localhost:41821/__cypress/runner/cypress_runner.js:162024:14)",
                "diff": null
              },
              "uuid": "494efb9c-8a4b-4c42-a284-c189388cf5cc",
              "parentUUID": "6d8feb48-9b8a-44b2-be6f-fc6042705cd5",
              "isHook": false,
              "skipped": false
            },
            {
              "title": "Verifica se a paleta de cores está posicionada abaixo do título 'Paleta de Cores'",
              "fullTitle": "2 - Adicione à página uma paleta de quatro cores distintas. Verifica se a paleta de cores está posicionada abaixo do título 'Paleta de Cores'",
              "timedOut": null,
              "duration": 4371,
              "state": "failed",
              "speed": null,
              "pass": false,
              "fail": true,
              "pending": false,
              "context": null,
              "code": "cy.get('h1#title').then(function (title) {\n  cy.get('#color-palette').should('be.belowOf', title);\n});",
              "err": {
                "message": "CypressError: Timed out retrying: Expected to find element: 'h1#title', but never found it.",
                "estack": "CypressError: Timed out retrying: Expected to find element: 'h1#title', but never found it.\n    at cypressErr (http://localhost:41821/__cypress/runner/cypress_runner.js:149934:9)\n    at throwErr (http://localhost:41821/__cypress/runner/cypress_runner.js:149867:11)\n    at Object.throwErrByPath (http://localhost:41821/__cypress/runner/cypress_runner.js:149915:3)\n    at retry (http://localhost:41821/__cypress/runner/cypress_runner.js:144197:19)\n    at onFailFn (http://localhost:41821/__cypress/runner/cypress_runner.js:132448:16)\n    at tryCatcher (http://localhost:41821/__cypress/runner/cypress_runner.js:167415:23)\n    at Promise._settlePromiseFromHandler (http://localhost:41821/__cypress/runner/cypress_runner.js:165351:31)\n    at Promise._settlePromise (http://localhost:41821/__cypress/runner/cypress_runner.js:165408:18)\n    at Promise._settlePromise0 (http://localhost:41821/__cypress/runner/cypress_runner.js:165453:10)\n    at Promise._settlePromises (http://localhost:41821/__cypress/runner/cypress_runner.js:165528:18)\n    at Async../node_modules/bluebird/js/release/async.js.Async._drainQueue (http://localhost:41821/__cypress/runner/cypress_runner.js:162140:16)\n    at Async../node_modules/bluebird/js/release/async.js.Async._drainQueues (http://localhost:41821/__cypress/runner/cypress_runner.js:162150:10)\n    at Async.drainQueues (http://localhost:41821/__cypress/runner/cypress_runner.js:162024:14)",
                "diff": null
              },
              "uuid": "f0871ccc-ca9a-456b-822f-72edc694ef80",
              "parentUUID": "6d8feb48-9b8a-44b2-be6f-fc6042705cd5",
              "isHook": false,
              "skipped": false
            },
            {
              "title": "Verifica se a paleta de cores não contém cores repetidas.",
              "fullTitle": "2 - Adicione à página uma paleta de quatro cores distintas. Verifica se a paleta de cores não contém cores repetidas.",
              "timedOut": null,
              "duration": 4381,
              "state": "failed",
              "speed": null,
              "pass": false,
              "fail": true,
              "pending": false,
              "context": null,
              "code": "cy.get('.color').then(function (colors) {\n  var allColors = Array.from(colors).map(function (color) {\n    return Cypress.$(color).css('background-color');\n  });\n  cy.log(allColors);\n  var uniqColors = (0, _toConsumableArray2[\"default\"])(new Set(allColors));\n  cy.log(uniqColors);\n  expect(allColors.length).to.eq(uniqColors.length);\n});",
              "err": {
                "message": "CypressError: Timed out retrying: Expected to find element: '.color', but never found it.",
                "estack": "CypressError: Timed out retrying: Expected to find element: '.color', but never found it.\n    at cypressErr (http://localhost:41821/__cypress/runner/cypress_runner.js:149934:9)\n    at throwErr (http://localhost:41821/__cypress/runner/cypress_runner.js:149867:11)\n    at Object.throwErrByPath (http://localhost:41821/__cypress/runner/cypress_runner.js:149915:3)\n    at retry (http://localhost:41821/__cypress/runner/cypress_runner.js:144197:19)\n    at onFailFn (http://localhost:41821/__cypress/runner/cypress_runner.js:132448:16)\n    at tryCatcher (http://localhost:41821/__cypress/runner/cypress_runner.js:167415:23)\n    at Promise._settlePromiseFromHandler (http://localhost:41821/__cypress/runner/cypress_runner.js:165351:31)\n    at Promise._settlePromise (http://localhost:41821/__cypress/runner/cypress_runner.js:165408:18)\n    at Promise._settlePromise0 (http://localhost:41821/__cypress/runner/cypress_runner.js:165453:10)\n    at Promise._settlePromises (http://localhost:41821/__cypress/runner/cypress_runner.js:165528:18)\n    at Async../node_modules/bluebird/js/release/async.js.Async._drainQueue (http://localhost:41821/__cypress/runner/cypress_runner.js:162140:16)\n    at Async../node_modules/bluebird/js/release/async.js.Async._drainQueues (http://localhost:41821/__cypress/runner/cypress_runner.js:162150:10)\n    at Async.drainQueues (http://localhost:41821/__cypress/runner/cypress_runner.js:162024:14)",
                "diff": null
              },
              "uuid": "e807330b-833f-4a5a-8f76-e4d8dacb4925",
              "parentUUID": "6d8feb48-9b8a-44b2-be6f-fc6042705cd5",
              "isHook": false,
              "skipped": false
            }
          ],
          "suites": [],
          "passes": [],
          "failures": [
            "533aaafe-5a00-4dcf-98d1-a657186cc598",
            "21ff7bac-7716-42f4-9480-30b45a44f619",
            "adc9a22b-3ac3-4f6a-836d-864528f0dfa2",
            "569625c0-46cc-40a0-a65c-a12a24ccea0a",
            "494efb9c-8a4b-4c42-a284-c189388cf5cc",
            "f0871ccc-ca9a-456b-822f-72edc694ef80",
            "e807330b-833f-4a5a-8f76-e4d8dacb4925"
          ],
          "pending": [],
          "skipped": [],
          "duration": 31042,
          "root": false,
          "rootEmpty": false,
          "_timeout": 2000
        },
        {
          "uuid": "67f366f3-1c0a-4466-9e4e-1e196e901398",
          "title": "3 - Adicione a cor **preta** como a primeira cor da paleta de cores.",
          "fullFile": "",
          "file": "",
          "beforeHooks": [],
          "afterHooks": [],
          "tests": [
            {
              "title": "Verifica se a primeira cor da paleta é preta",
              "fullTitle": "3 - Adicione a cor **preta** como a primeira cor da paleta de cores. Verifica se a primeira cor da paleta é preta",
              "timedOut": null,
              "duration": 4468,
              "state": "failed",
              "speed": null,
              "pass": false,
              "fail": true,
              "pending": false,
              "context": null,
              "code": "cy.get('.color').first().should('have.css', 'background-color', BLACK);",
              "err": {
                "message": "CypressError: Timed out retrying: Expected to find element: '.color', but never found it.",
                "estack": "CypressError: Timed out retrying: Expected to find element: '.color', but never found it.\n    at cypressErr (http://localhost:41821/__cypress/runner/cypress_runner.js:149934:9)\n    at throwErr (http://localhost:41821/__cypress/runner/cypress_runner.js:149867:11)\n    at Object.throwErrByPath (http://localhost:41821/__cypress/runner/cypress_runner.js:149915:3)\n    at retry (http://localhost:41821/__cypress/runner/cypress_runner.js:144197:19)\n    at onFailFn (http://localhost:41821/__cypress/runner/cypress_runner.js:132448:16)\n    at tryCatcher (http://localhost:41821/__cypress/runner/cypress_runner.js:167415:23)\n    at Promise._settlePromiseFromHandler (http://localhost:41821/__cypress/runner/cypress_runner.js:165351:31)\n    at Promise._settlePromise (http://localhost:41821/__cypress/runner/cypress_runner.js:165408:18)\n    at Promise._settlePromise0 (http://localhost:41821/__cypress/runner/cypress_runner.js:165453:10)\n    at Promise._settlePromises (http://localhost:41821/__cypress/runner/cypress_runner.js:165528:18)\n    at Async../node_modules/bluebird/js/release/async.js.Async._drainQueue (http://localhost:41821/__cypress/runner/cypress_runner.js:162140:16)\n    at Async../node_modules/bluebird/js/release/async.js.Async._drainQueues (http://localhost:41821/__cypress/runner/cypress_runner.js:162150:10)\n    at Async.drainQueues (http://localhost:41821/__cypress/runner/cypress_runner.js:162024:14)",
                "diff": null
              },
              "uuid": "a09641e9-ec58-4bed-8f06-de57c0082b52",
              "parentUUID": "67f366f3-1c0a-4466-9e4e-1e196e901398",
              "isHook": false,
              "skipped": false
            },
            {
              "title": "Verifica se as demais cores podem ser escolhidas livremente.",
              "fullTitle": "3 - Adicione a cor **preta** como a primeira cor da paleta de cores. Verifica se as demais cores podem ser escolhidas livremente.",
              "timedOut": null,
              "duration": 4458,
              "state": "failed",
              "speed": null,
              "pass": false,
              "fail": true,
              "pending": false,
              "context": null,
              "code": "cy.get('.color').eq(1).should('not.have.css', 'background-color', BLACK);\ncy.get('.color').eq(1).should('not.have.css', 'background-color', WHITE);\ncy.get('.color').eq(1).should('not.have.css', 'background-color', 'rgba(0, 0, 0, 0)');\ncy.get('.color').eq(1).should('have.css', 'background-color');\ncy.get('.color').eq(2).should('not.have.css', 'background-color', BLACK);\ncy.get('.color').eq(2).should('not.have.css', 'background-color', WHITE);\ncy.get('.color').eq(2).should('not.have.css', 'background-color', 'rgba(0, 0, 0, 0)');\ncy.get('.color').eq(2).should('have.css', 'background-color');\ncy.get('.color').eq(3).should('not.have.css', 'background-color', BLACK);\ncy.get('.color').eq(3).should('not.have.css', 'background-color', WHITE);\ncy.get('.color').eq(3).should('not.have.css', 'background-color', 'rgba(0, 0, 0, 0)');\ncy.get('.color').eq(3).should('have.css', 'background-color');",
              "err": {
                "message": "CypressError: Timed out retrying: Expected to find element: '.color', but never found it.",
                "estack": "CypressError: Timed out retrying: Expected to find element: '.color', but never found it.\n    at cypressErr (http://localhost:41821/__cypress/runner/cypress_runner.js:149934:9)\n    at throwErr (http://localhost:41821/__cypress/runner/cypress_runner.js:149867:11)\n    at Object.throwErrByPath (http://localhost:41821/__cypress/runner/cypress_runner.js:149915:3)\n    at retry (http://localhost:41821/__cypress/runner/cypress_runner.js:144197:19)\n    at onFailFn (http://localhost:41821/__cypress/runner/cypress_runner.js:132448:16)\n    at tryCatcher (http://localhost:41821/__cypress/runner/cypress_runner.js:167415:23)\n    at Promise._settlePromiseFromHandler (http://localhost:41821/__cypress/runner/cypress_runner.js:165351:31)\n    at Promise._settlePromise (http://localhost:41821/__cypress/runner/cypress_runner.js:165408:18)\n    at Promise._settlePromise0 (http://localhost:41821/__cypress/runner/cypress_runner.js:165453:10)\n    at Promise._settlePromises (http://localhost:41821/__cypress/runner/cypress_runner.js:165528:18)\n    at Async../node_modules/bluebird/js/release/async.js.Async._drainQueue (http://localhost:41821/__cypress/runner/cypress_runner.js:162140:16)\n    at Async../node_modules/bluebird/js/release/async.js.Async._drainQueues (http://localhost:41821/__cypress/runner/cypress_runner.js:162150:10)\n    at Async.drainQueues (http://localhost:41821/__cypress/runner/cypress_runner.js:162024:14)",
                "diff": null
              },
              "uuid": "4a94c7a2-9176-4dea-b759-f7a0308449c4",
              "parentUUID": "67f366f3-1c0a-4466-9e4e-1e196e901398",
              "isHook": false,
              "skipped": false
            }
          ],
          "suites": [],
          "passes": [],
          "failures": [
            "a09641e9-ec58-4bed-8f06-de57c0082b52",
            "4a94c7a2-9176-4dea-b759-f7a0308449c4"
          ],
          "pending": [],
          "skipped": [],
          "duration": 8926,
          "root": false,
          "rootEmpty": false,
          "_timeout": 2000
        },
        {
          "uuid": "aafe79fc-89e5-4e20-9378-c2491b878033",
          "title": "4 - Adicione à página um quadro de pixels, com 25 pixels.",
          "fullFile": "",
          "file": "",
          "beforeHooks": [],
          "afterHooks": [],
          "tests": [
            {
              "title": "Verifica se o quadro de pixels possui o `id` denominado `pixel-board`",
              "fullTitle": "4 - Adicione à página um quadro de pixels, com 25 pixels. Verifica se o quadro de pixels possui o `id` denominado `pixel-board`",
              "timedOut": null,
              "duration": 4520,
              "state": "failed",
              "speed": null,
              "pass": false,
              "fail": true,
              "pending": false,
              "context": null,
              "code": "cy.get('#pixel-board').should('be.visible');",
              "err": {
                "message": "CypressError: Timed out retrying: Expected to find element: '#pixel-board', but never found it.",
                "estack": "CypressError: Timed out retrying: Expected to find element: '#pixel-board', but never found it.\n    at cypressErr (http://localhost:41821/__cypress/runner/cypress_runner.js:149934:9)\n    at throwErr (http://localhost:41821/__cypress/runner/cypress_runner.js:149867:11)\n    at Object.throwErrByPath (http://localhost:41821/__cypress/runner/cypress_runner.js:149915:3)\n    at retry (http://localhost:41821/__cypress/runner/cypress_runner.js:144197:19)\n    at onFailFn (http://localhost:41821/__cypress/runner/cypress_runner.js:132448:16)\n    at tryCatcher (http://localhost:41821/__cypress/runner/cypress_runner.js:167415:23)\n    at Promise._settlePromiseFromHandler (http://localhost:41821/__cypress/runner/cypress_runner.js:165351:31)\n    at Promise._settlePromise (http://localhost:41821/__cypress/runner/cypress_runner.js:165408:18)\n    at Promise._settlePromise0 (http://localhost:41821/__cypress/runner/cypress_runner.js:165453:10)\n    at Promise._settlePromises (http://localhost:41821/__cypress/runner/cypress_runner.js:165528:18)\n    at Async../node_modules/bluebird/js/release/async.js.Async._drainQueue (http://localhost:41821/__cypress/runner/cypress_runner.js:162140:16)\n    at Async../node_modules/bluebird/js/release/async.js.Async._drainQueues (http://localhost:41821/__cypress/runner/cypress_runner.js:162150:10)\n    at Async.drainQueues (http://localhost:41821/__cypress/runner/cypress_runner.js:162024:14)",
                "diff": null
              },
              "uuid": "e6746d2b-4375-4e90-97a3-5490e4127d2e",
              "parentUUID": "aafe79fc-89e5-4e20-9378-c2491b878033",
              "isHook": false,
              "skipped": false
            },
            {
              "title": "Verifica se cada pixel individual dentro do quadro possui a `classe` denominada `pixel`.",
              "fullTitle": "4 - Adicione à página um quadro de pixels, com 25 pixels. Verifica se cada pixel individual dentro do quadro possui a `classe` denominada `pixel`.",
              "timedOut": null,
              "duration": 4411,
              "state": "failed",
              "speed": null,
              "pass": false,
              "fail": true,
              "pending": false,
              "context": null,
              "code": "cy.get('.pixel').should('have.length', 25);",
              "err": {
                "message": "CypressError: Timed out retrying: Expected to find element: '.pixel', but never found it.",
                "estack": "CypressError: Timed out retrying: Expected to find element: '.pixel', but never found it.\n    at cypressErr (http://localhost:41821/__cypress/runner/cypress_runner.js:149934:9)\n    at throwErr (http://localhost:41821/__cypress/runner/cypress_runner.js:149867:11)\n    at Object.throwErrByPath (http://localhost:41821/__cypress/runner/cypress_runner.js:149915:3)\n    at retry (http://localhost:41821/__cypress/runner/cypress_runner.js:144197:19)\n    at onFailFn (http://localhost:41821/__cypress/runner/cypress_runner.js:132448:16)\n    at tryCatcher (http://localhost:41821/__cypress/runner/cypress_runner.js:167415:23)\n    at Promise._settlePromiseFromHandler (http://localhost:41821/__cypress/runner/cypress_runner.js:165351:31)\n    at Promise._settlePromise (http://localhost:41821/__cypress/runner/cypress_runner.js:165408:18)\n    at Promise._settlePromise0 (http://localhost:41821/__cypress/runner/cypress_runner.js:165453:10)\n    at Promise._settlePromises (http://localhost:41821/__cypress/runner/cypress_runner.js:165528:18)\n    at Async../node_modules/bluebird/js/release/async.js.Async._drainQueue (http://localhost:41821/__cypress/runner/cypress_runner.js:162140:16)\n    at Async../node_modules/bluebird/js/release/async.js.Async._drainQueues (http://localhost:41821/__cypress/runner/cypress_runner.js:162150:10)\n    at Async.drainQueues (http://localhost:41821/__cypress/runner/cypress_runner.js:162024:14)",
                "diff": null
              },
              "uuid": "a1b3a4ce-b3b3-41cd-8145-a06c21d011dc",
              "parentUUID": "aafe79fc-89e5-4e20-9378-c2491b878033",
              "isHook": false,
              "skipped": false
            },
            {
              "title": "Verifica se a cor inicial dos pixels dentro do quadro, ao abrir a página, é branca.",
              "fullTitle": "4 - Adicione à página um quadro de pixels, com 25 pixels. Verifica se a cor inicial dos pixels dentro do quadro, ao abrir a página, é branca.",
              "timedOut": null,
              "duration": 4407,
              "state": "failed",
              "speed": null,
              "pass": false,
              "fail": true,
              "pending": false,
              "context": null,
              "code": "cy.get('.pixel').should('have.length', 25).each(function (pixel) {\n  expect(pixel).to.have.css('background-color', WHITE);\n});",
              "err": {
                "message": "CypressError: Timed out retrying: Expected to find element: '.pixel', but never found it.",
                "estack": "CypressError: Timed out retrying: Expected to find element: '.pixel', but never found it.\n    at cypressErr (http://localhost:41821/__cypress/runner/cypress_runner.js:149934:9)\n    at throwErr (http://localhost:41821/__cypress/runner/cypress_runner.js:149867:11)\n    at Object.throwErrByPath (http://localhost:41821/__cypress/runner/cypress_runner.js:149915:3)\n    at retry (http://localhost:41821/__cypress/runner/cypress_runner.js:144197:19)\n    at onFailFn (http://localhost:41821/__cypress/runner/cypress_runner.js:132448:16)\n    at tryCatcher (http://localhost:41821/__cypress/runner/cypress_runner.js:167415:23)\n    at Promise._settlePromiseFromHandler (http://localhost:41821/__cypress/runner/cypress_runner.js:165351:31)\n    at Promise._settlePromise (http://localhost:41821/__cypress/runner/cypress_runner.js:165408:18)\n    at Promise._settlePromise0 (http://localhost:41821/__cypress/runner/cypress_runner.js:165453:10)\n    at Promise._settlePromises (http://localhost:41821/__cypress/runner/cypress_runner.js:165528:18)\n    at Async../node_modules/bluebird/js/release/async.js.Async._drainQueue (http://localhost:41821/__cypress/runner/cypress_runner.js:162140:16)\n    at Async../node_modules/bluebird/js/release/async.js.Async._drainQueues (http://localhost:41821/__cypress/runner/cypress_runner.js:162150:10)\n    at Async.drainQueues (http://localhost:41821/__cypress/runner/cypress_runner.js:162024:14)",
                "diff": null
              },
              "uuid": "ba06b36b-9750-41f0-9ba2-59d24c143785",
              "parentUUID": "aafe79fc-89e5-4e20-9378-c2491b878033",
              "isHook": false,
              "skipped": false
            },
            {
              "title": "Verifica se o quadro de pixels aparece abaixo da paleta de cores",
              "fullTitle": "4 - Adicione à página um quadro de pixels, com 25 pixels. Verifica se o quadro de pixels aparece abaixo da paleta de cores",
              "timedOut": null,
              "duration": 4355,
              "state": "failed",
              "speed": null,
              "pass": false,
              "fail": true,
              "pending": false,
              "context": null,
              "code": "cy.get('#color-palette').then(function (palette) {\n  cy.get('#pixel-board').should('be.belowOf', palette);\n});",
              "err": {
                "message": "CypressError: Timed out retrying: Expected to find element: '#color-palette', but never found it.",
                "estack": "CypressError: Timed out retrying: Expected to find element: '#color-palette', but never found it.\n    at cypressErr (http://localhost:41821/__cypress/runner/cypress_runner.js:149934:9)\n    at throwErr (http://localhost:41821/__cypress/runner/cypress_runner.js:149867:11)\n    at Object.throwErrByPath (http://localhost:41821/__cypress/runner/cypress_runner.js:149915:3)\n    at retry (http://localhost:41821/__cypress/runner/cypress_runner.js:144197:19)\n    at onFailFn (http://localhost:41821/__cypress/runner/cypress_runner.js:132448:16)\n    at tryCatcher (http://localhost:41821/__cypress/runner/cypress_runner.js:167415:23)\n    at Promise._settlePromiseFromHandler (http://localhost:41821/__cypress/runner/cypress_runner.js:165351:31)\n    at Promise._settlePromise (http://localhost:41821/__cypress/runner/cypress_runner.js:165408:18)\n    at Promise._settlePromise0 (http://localhost:41821/__cypress/runner/cypress_runner.js:165453:10)\n    at Promise._settlePromises (http://localhost:41821/__cypress/runner/cypress_runner.js:165528:18)\n    at Async../node_modules/bluebird/js/release/async.js.Async._drainQueue (http://localhost:41821/__cypress/runner/cypress_runner.js:162140:16)\n    at Async../node_modules/bluebird/js/release/async.js.Async._drainQueues (http://localhost:41821/__cypress/runner/cypress_runner.js:162150:10)\n    at Async.drainQueues (http://localhost:41821/__cypress/runner/cypress_runner.js:162024:14)",
                "diff": null
              },
              "uuid": "3cc910dc-88f4-4a24-9292-03c8f8198274",
              "parentUUID": "aafe79fc-89e5-4e20-9378-c2491b878033",
              "isHook": false,
              "skipped": false
            }
          ],
          "suites": [],
          "passes": [],
          "failures": [
            "e6746d2b-4375-4e90-97a3-5490e4127d2e",
            "a1b3a4ce-b3b3-41cd-8145-a06c21d011dc",
            "ba06b36b-9750-41f0-9ba2-59d24c143785",
            "3cc910dc-88f4-4a24-9292-03c8f8198274"
          ],
          "pending": [],
          "skipped": [],
          "duration": 17693,
          "root": false,
          "rootEmpty": false,
          "_timeout": 2000
        },
        {
          "uuid": "453a5ce9-703a-4c77-a979-cfc1148be8c3",
          "title": "5 - Faça com que cada elemento do quadro de pixels possua 40 pixels de largura, 40 pixels de altura e seja delimitado por uma borda preta de 1 pixel.",
          "fullFile": "",
          "file": "",
          "beforeHooks": [],
          "afterHooks": [],
          "tests": [
            {
              "title": "Verifica se o quadro de pixels tem altura e comprimento de 5 elementos",
              "fullTitle": "5 - Faça com que cada elemento do quadro de pixels possua 40 pixels de largura, 40 pixels de altura e seja delimitado por uma borda preta de 1 pixel. Verifica se o quadro de pixels tem altura e comprimento de 5 elementos",
              "timedOut": null,
              "duration": 4472,
              "state": "failed",
              "speed": null,
              "pass": false,
              "fail": true,
              "pending": false,
              "context": null,
              "code": "cy.get('.pixel').should('have.length', 25).each(function (pixel) {\n  expect(pixel).to.have.css('background-color', WHITE);\n}).and(function (pixels) {\n  var rows = chunk(pixels, 5);\n  rows.forEach(function (row) {\n    for (var index = 1; index < row.length; index += 1) {\n      var current = pixels[index];\n      var previous = pixels[index - 1];\n      cy.wrap(current).should('be.onTheRightOf', previous).and('be.horizontallyAlignedWith', previous);\n    }\n  });\n  for (var index = 1; index < 5; index += 1) {\n    expect(pixels[index * 5]).to.be.belowOf(pixels[(index - 1) * 5]);\n  }\n});",
              "err": {
                "message": "CypressError: Timed out retrying: Expected to find element: '.pixel', but never found it.",
                "estack": "CypressError: Timed out retrying: Expected to find element: '.pixel', but never found it.\n    at cypressErr (http://localhost:41821/__cypress/runner/cypress_runner.js:149934:9)\n    at throwErr (http://localhost:41821/__cypress/runner/cypress_runner.js:149867:11)\n    at Object.throwErrByPath (http://localhost:41821/__cypress/runner/cypress_runner.js:149915:3)\n    at retry (http://localhost:41821/__cypress/runner/cypress_runner.js:144197:19)\n    at onFailFn (http://localhost:41821/__cypress/runner/cypress_runner.js:132448:16)\n    at tryCatcher (http://localhost:41821/__cypress/runner/cypress_runner.js:167415:23)\n    at Promise._settlePromiseFromHandler (http://localhost:41821/__cypress/runner/cypress_runner.js:165351:31)\n    at Promise._settlePromise (http://localhost:41821/__cypress/runner/cypress_runner.js:165408:18)\n    at Promise._settlePromise0 (http://localhost:41821/__cypress/runner/cypress_runner.js:165453:10)\n    at Promise._settlePromises (http://localhost:41821/__cypress/runner/cypress_runner.js:165528:18)\n    at Async../node_modules/bluebird/js/release/async.js.Async._drainQueue (http://localhost:41821/__cypress/runner/cypress_runner.js:162140:16)\n    at Async../node_modules/bluebird/js/release/async.js.Async._drainQueues (http://localhost:41821/__cypress/runner/cypress_runner.js:162150:10)\n    at Async.drainQueues (http://localhost:41821/__cypress/runner/cypress_runner.js:162024:14)",
                "diff": null
              },
              "uuid": "3152eb3e-788b-4ade-8443-871509f298fb",
              "parentUUID": "453a5ce9-703a-4c77-a979-cfc1148be8c3",
              "isHook": false,
              "skipped": false
            },
            {
              "title": "Verifica se 40 pixels é o tamanho total do elemento, incluindo seu conteúdo e excluindo a borda preta, que deve ser criada à parte.",
              "fullTitle": "5 - Faça com que cada elemento do quadro de pixels possua 40 pixels de largura, 40 pixels de altura e seja delimitado por uma borda preta de 1 pixel. Verifica se 40 pixels é o tamanho total do elemento, incluindo seu conteúdo e excluindo a borda preta, que deve ser criada à parte.",
              "timedOut": null,
              "duration": 4401,
              "state": "failed",
              "speed": null,
              "pass": false,
              "fail": true,
              "pending": false,
              "context": null,
              "code": "cy.get('.pixel').each(function (pixel) {\n  cy.wrap(pixel).should('have.css', 'height', '40px').and('have.css', 'width', '40px').and('have.css', 'border', \"1px solid \".concat(BLACK));\n});",
              "err": {
                "message": "CypressError: Timed out retrying: Expected to find element: '.pixel', but never found it.",
                "estack": "CypressError: Timed out retrying: Expected to find element: '.pixel', but never found it.\n    at cypressErr (http://localhost:41821/__cypress/runner/cypress_runner.js:149934:9)\n    at throwErr (http://localhost:41821/__cypress/runner/cypress_runner.js:149867:11)\n    at Object.throwErrByPath (http://localhost:41821/__cypress/runner/cypress_runner.js:149915:3)\n    at retry (http://localhost:41821/__cypress/runner/cypress_runner.js:144197:19)\n    at onFailFn (http://localhost:41821/__cypress/runner/cypress_runner.js:132448:16)\n    at tryCatcher (http://localhost:41821/__cypress/runner/cypress_runner.js:167415:23)\n    at Promise._settlePromiseFromHandler (http://localhost:41821/__cypress/runner/cypress_runner.js:165351:31)\n    at Promise._settlePromise (http://localhost:41821/__cypress/runner/cypress_runner.js:165408:18)\n    at Promise._settlePromise0 (http://localhost:41821/__cypress/runner/cypress_runner.js:165453:10)\n    at Promise._settlePromises (http://localhost:41821/__cypress/runner/cypress_runner.js:165528:18)\n    at Async../node_modules/bluebird/js/release/async.js.Async._drainQueue (http://localhost:41821/__cypress/runner/cypress_runner.js:162140:16)\n    at Async../node_modules/bluebird/js/release/async.js.Async._drainQueues (http://localhost:41821/__cypress/runner/cypress_runner.js:162150:10)\n    at Async.drainQueues (http://localhost:41821/__cypress/runner/cypress_runner.js:162024:14)",
                "diff": null
              },
              "uuid": "7600e2f5-3f36-45e7-98db-f5fdb32b2153",
              "parentUUID": "453a5ce9-703a-4c77-a979-cfc1148be8c3",
              "isHook": false,
              "skipped": false
            }
          ],
          "suites": [],
          "passes": [],
          "failures": [
            "3152eb3e-788b-4ade-8443-871509f298fb",
            "7600e2f5-3f36-45e7-98db-f5fdb32b2153"
          ],
          "pending": [],
          "skipped": [],
          "duration": 8873,
          "root": false,
          "rootEmpty": false,
          "_timeout": 2000
        },
        {
          "uuid": "a608be9f-b80b-4be0-94c6-b89de74c2a48",
          "title": "6 - Defina a cor preta como cor inicial. Ao carregar a página a cor preta já deve estar selecionada para pintar os pixels",
          "fullFile": "",
          "file": "",
          "beforeHooks": [],
          "afterHooks": [],
          "tests": [
            {
              "title": "Verifica se o elemento da cor preta possui, inicialmente, a `classe` `selected`",
              "fullTitle": "6 - Defina a cor preta como cor inicial. Ao carregar a página a cor preta já deve estar selecionada para pintar os pixels Verifica se o elemento da cor preta possui, inicialmente, a `classe` `selected`",
              "timedOut": null,
              "duration": 4499,
              "state": "failed",
              "speed": null,
              "pass": false,
              "fail": true,
              "pending": false,
              "context": null,
              "code": "cy.get('.selected').first().should('have.css', 'background-color', BLACK);",
              "err": {
                "message": "CypressError: Timed out retrying: Expected to find element: '.selected', but never found it.",
                "estack": "CypressError: Timed out retrying: Expected to find element: '.selected', but never found it.\n    at cypressErr (http://localhost:41821/__cypress/runner/cypress_runner.js:149934:9)\n    at throwErr (http://localhost:41821/__cypress/runner/cypress_runner.js:149867:11)\n    at Object.throwErrByPath (http://localhost:41821/__cypress/runner/cypress_runner.js:149915:3)\n    at retry (http://localhost:41821/__cypress/runner/cypress_runner.js:144197:19)\n    at onFailFn (http://localhost:41821/__cypress/runner/cypress_runner.js:132448:16)\n    at tryCatcher (http://localhost:41821/__cypress/runner/cypress_runner.js:167415:23)\n    at Promise._settlePromiseFromHandler (http://localhost:41821/__cypress/runner/cypress_runner.js:165351:31)\n    at Promise._settlePromise (http://localhost:41821/__cypress/runner/cypress_runner.js:165408:18)\n    at Promise._settlePromise0 (http://localhost:41821/__cypress/runner/cypress_runner.js:165453:10)\n    at Promise._settlePromises (http://localhost:41821/__cypress/runner/cypress_runner.js:165528:18)\n    at Async../node_modules/bluebird/js/release/async.js.Async._drainQueue (http://localhost:41821/__cypress/runner/cypress_runner.js:162140:16)\n    at Async../node_modules/bluebird/js/release/async.js.Async._drainQueues (http://localhost:41821/__cypress/runner/cypress_runner.js:162150:10)\n    at Async.drainQueues (http://localhost:41821/__cypress/runner/cypress_runner.js:162024:14)",
                "diff": null
              },
              "uuid": "91bb950e-8f6c-46b5-b5e7-4d7341533984",
              "parentUUID": "a608be9f-b80b-4be0-94c6-b89de74c2a48",
              "isHook": false,
              "skipped": false
            },
            {
              "title": "Verifica se nenhuma outra cor da paleta tem a `classe` `selected`",
              "fullTitle": "6 - Defina a cor preta como cor inicial. Ao carregar a página a cor preta já deve estar selecionada para pintar os pixels Verifica se nenhuma outra cor da paleta tem a `classe` `selected`",
              "timedOut": null,
              "duration": 4331,
              "state": "failed",
              "speed": null,
              "pass": false,
              "fail": true,
              "pending": false,
              "context": null,
              "code": "cy.get('.color:not(:first-child)').each(function (color) {\n  cy.wrap(color).should('not.have.class', 'selected');\n});",
              "err": {
                "message": "CypressError: Timed out retrying: Expected to find element: '.color:not(:first-child)', but never found it.",
                "estack": "CypressError: Timed out retrying: Expected to find element: '.color:not(:first-child)', but never found it.\n    at cypressErr (http://localhost:41821/__cypress/runner/cypress_runner.js:149934:9)\n    at throwErr (http://localhost:41821/__cypress/runner/cypress_runner.js:149867:11)\n    at Object.throwErrByPath (http://localhost:41821/__cypress/runner/cypress_runner.js:149915:3)\n    at retry (http://localhost:41821/__cypress/runner/cypress_runner.js:144197:19)\n    at onFailFn (http://localhost:41821/__cypress/runner/cypress_runner.js:132448:16)\n    at tryCatcher (http://localhost:41821/__cypress/runner/cypress_runner.js:167415:23)\n    at Promise._settlePromiseFromHandler (http://localhost:41821/__cypress/runner/cypress_runner.js:165351:31)\n    at Promise._settlePromise (http://localhost:41821/__cypress/runner/cypress_runner.js:165408:18)\n    at Promise._settlePromise0 (http://localhost:41821/__cypress/runner/cypress_runner.js:165453:10)\n    at Promise._settlePromises (http://localhost:41821/__cypress/runner/cypress_runner.js:165528:18)\n    at Async../node_modules/bluebird/js/release/async.js.Async._drainQueue (http://localhost:41821/__cypress/runner/cypress_runner.js:162140:16)\n    at Async../node_modules/bluebird/js/release/async.js.Async._drainQueues (http://localhost:41821/__cypress/runner/cypress_runner.js:162150:10)\n    at Async.drainQueues (http://localhost:41821/__cypress/runner/cypress_runner.js:162024:14)",
                "diff": null
              },
              "uuid": "64c577b1-0f69-4549-b108-172e7cb4e009",
              "parentUUID": "a608be9f-b80b-4be0-94c6-b89de74c2a48",
              "isHook": false,
              "skipped": false
            }
          ],
          "suites": [],
          "passes": [],
          "failures": [
            "91bb950e-8f6c-46b5-b5e7-4d7341533984",
            "64c577b1-0f69-4549-b108-172e7cb4e009"
          ],
          "pending": [],
          "skipped": [],
          "duration": 8830,
          "root": false,
          "rootEmpty": false,
          "_timeout": 2000
        },
        {
          "uuid": "18be7dea-d2a7-4a69-83c7-120719efa0ca",
          "title": "7 - Clicar em uma das cores da paleta, faz com que ela seja selecionada e utilizada para preencher os pixels no quadro.",
          "fullFile": "",
          "file": "",
          "beforeHooks": [],
          "afterHooks": [],
          "tests": [
            {
              "title": "Verifica se somente uma cor da paleta de cores tem a classe `selected` de cada vez",
              "fullTitle": "7 - Clicar em uma das cores da paleta, faz com que ela seja selecionada e utilizada para preencher os pixels no quadro. Verifica se somente uma cor da paleta de cores tem a classe `selected` de cada vez",
              "timedOut": null,
              "duration": 4491,
              "state": "failed",
              "speed": null,
              "pass": false,
              "fail": true,
              "pending": false,
              "context": null,
              "code": "cy.get('.color').each(function (selectedColor, selectedColorIndex) {\n  cy.wrap(selectedColor).click();\n  cy.get('.color').each(function (color, colorIndex) {\n    if (colorIndex === selectedColorIndex) {\n      expect(color).to.have[\"class\"]('selected');\n    } else {\n      expect(color).not.to.have[\"class\"]('selected');\n    }\n  });\n});",
              "err": {
                "message": "CypressError: Timed out retrying: Expected to find element: '.color', but never found it.",
                "estack": "CypressError: Timed out retrying: Expected to find element: '.color', but never found it.\n    at cypressErr (http://localhost:41821/__cypress/runner/cypress_runner.js:149934:9)\n    at throwErr (http://localhost:41821/__cypress/runner/cypress_runner.js:149867:11)\n    at Object.throwErrByPath (http://localhost:41821/__cypress/runner/cypress_runner.js:149915:3)\n    at retry (http://localhost:41821/__cypress/runner/cypress_runner.js:144197:19)\n    at onFailFn (http://localhost:41821/__cypress/runner/cypress_runner.js:132448:16)\n    at tryCatcher (http://localhost:41821/__cypress/runner/cypress_runner.js:167415:23)\n    at Promise._settlePromiseFromHandler (http://localhost:41821/__cypress/runner/cypress_runner.js:165351:31)\n    at Promise._settlePromise (http://localhost:41821/__cypress/runner/cypress_runner.js:165408:18)\n    at Promise._settlePromise0 (http://localhost:41821/__cypress/runner/cypress_runner.js:165453:10)\n    at Promise._settlePromises (http://localhost:41821/__cypress/runner/cypress_runner.js:165528:18)\n    at Async../node_modules/bluebird/js/release/async.js.Async._drainQueue (http://localhost:41821/__cypress/runner/cypress_runner.js:162140:16)\n    at Async../node_modules/bluebird/js/release/async.js.Async._drainQueues (http://localhost:41821/__cypress/runner/cypress_runner.js:162150:10)\n    at Async.drainQueues (http://localhost:41821/__cypress/runner/cypress_runner.js:162024:14)",
                "diff": null
              },
              "uuid": "70e0317b-7d67-46f2-8f1a-7667ca2bba5b",
              "parentUUID": "18be7dea-d2a7-4a69-83c7-120719efa0ca",
              "isHook": false,
              "skipped": false
            },
            {
              "title": "Verifica se os pixels dentro do quadro não têm a classe `selected` quando são clicados",
              "fullTitle": "7 - Clicar em uma das cores da paleta, faz com que ela seja selecionada e utilizada para preencher os pixels no quadro. Verifica se os pixels dentro do quadro não têm a classe `selected` quando são clicados",
              "timedOut": null,
              "duration": 4351,
              "state": "failed",
              "speed": null,
              "pass": false,
              "fail": true,
              "pending": false,
              "context": null,
              "code": "cy.get('.color').each(function (color) {\n  var backgroundColor = color.css('background-color');\n  cy.wrap(color).click();\n  cy.get('.pixel').each(function (pixel) {\n    cy.wrap(pixel).click().should('not.have.class', 'selected');\n  });\n});",
              "err": {
                "message": "CypressError: Timed out retrying: Expected to find element: '.color', but never found it.",
                "estack": "CypressError: Timed out retrying: Expected to find element: '.color', but never found it.\n    at cypressErr (http://localhost:41821/__cypress/runner/cypress_runner.js:149934:9)\n    at throwErr (http://localhost:41821/__cypress/runner/cypress_runner.js:149867:11)\n    at Object.throwErrByPath (http://localhost:41821/__cypress/runner/cypress_runner.js:149915:3)\n    at retry (http://localhost:41821/__cypress/runner/cypress_runner.js:144197:19)\n    at onFailFn (http://localhost:41821/__cypress/runner/cypress_runner.js:132448:16)\n    at tryCatcher (http://localhost:41821/__cypress/runner/cypress_runner.js:167415:23)\n    at Promise._settlePromiseFromHandler (http://localhost:41821/__cypress/runner/cypress_runner.js:165351:31)\n    at Promise._settlePromise (http://localhost:41821/__cypress/runner/cypress_runner.js:165408:18)\n    at Promise._settlePromise0 (http://localhost:41821/__cypress/runner/cypress_runner.js:165453:10)\n    at Promise._settlePromises (http://localhost:41821/__cypress/runner/cypress_runner.js:165528:18)\n    at Async../node_modules/bluebird/js/release/async.js.Async._drainQueue (http://localhost:41821/__cypress/runner/cypress_runner.js:162140:16)\n    at Async../node_modules/bluebird/js/release/async.js.Async._drainQueues (http://localhost:41821/__cypress/runner/cypress_runner.js:162150:10)\n    at Async.drainQueues (http://localhost:41821/__cypress/runner/cypress_runner.js:162024:14)",
                "diff": null
              },
              "uuid": "088f4be4-566a-4bcc-8ae8-2cf0ad090537",
              "parentUUID": "18be7dea-d2a7-4a69-83c7-120719efa0ca",
              "isHook": false,
              "skipped": false
            }
          ],
          "suites": [],
          "passes": [],
          "failures": [
            "70e0317b-7d67-46f2-8f1a-7667ca2bba5b",
            "088f4be4-566a-4bcc-8ae8-2cf0ad090537"
          ],
          "pending": [],
          "skipped": [],
          "duration": 8842,
          "root": false,
          "rootEmpty": false,
          "_timeout": 2000
        },
        {
          "uuid": "0294d613-d476-4234-afe2-d4bb234e6aa4",
          "title": "8 - Clicar em um pixel dentro do quadro após selecionar uma cor na paleta, faz com que o pixel seja preenchido com a cor selecionada.",
          "fullFile": "",
          "file": "",
          "beforeHooks": [],
          "afterHooks": [],
          "tests": [
            {
              "title": "Verifica se ao carregar a página deve ser possível pintar os pixels de preto",
              "fullTitle": "8 - Clicar em um pixel dentro do quadro após selecionar uma cor na paleta, faz com que o pixel seja preenchido com a cor selecionada. Verifica se ao carregar a página deve ser possível pintar os pixels de preto",
              "timedOut": null,
              "duration": 4491,
              "state": "failed",
              "speed": null,
              "pass": false,
              "fail": true,
              "pending": false,
              "context": null,
              "code": "cy.get('.pixel').each(function (pixel) {\n  cy.wrap(pixel).click().should('have.css', 'background-color', BLACK);\n});",
              "err": {
                "message": "CypressError: Timed out retrying: Expected to find element: '.pixel', but never found it.",
                "estack": "CypressError: Timed out retrying: Expected to find element: '.pixel', but never found it.\n    at cypressErr (http://localhost:41821/__cypress/runner/cypress_runner.js:149934:9)\n    at throwErr (http://localhost:41821/__cypress/runner/cypress_runner.js:149867:11)\n    at Object.throwErrByPath (http://localhost:41821/__cypress/runner/cypress_runner.js:149915:3)\n    at retry (http://localhost:41821/__cypress/runner/cypress_runner.js:144197:19)\n    at onFailFn (http://localhost:41821/__cypress/runner/cypress_runner.js:132448:16)\n    at tryCatcher (http://localhost:41821/__cypress/runner/cypress_runner.js:167415:23)\n    at Promise._settlePromiseFromHandler (http://localhost:41821/__cypress/runner/cypress_runner.js:165351:31)\n    at Promise._settlePromise (http://localhost:41821/__cypress/runner/cypress_runner.js:165408:18)\n    at Promise._settlePromise0 (http://localhost:41821/__cypress/runner/cypress_runner.js:165453:10)\n    at Promise._settlePromises (http://localhost:41821/__cypress/runner/cypress_runner.js:165528:18)\n    at Async../node_modules/bluebird/js/release/async.js.Async._drainQueue (http://localhost:41821/__cypress/runner/cypress_runner.js:162140:16)\n    at Async../node_modules/bluebird/js/release/async.js.Async._drainQueues (http://localhost:41821/__cypress/runner/cypress_runner.js:162150:10)\n    at Async.drainQueues (http://localhost:41821/__cypress/runner/cypress_runner.js:162024:14)",
                "diff": null
              },
              "uuid": "f648193f-6a66-4659-8f12-77a89504c2a5",
              "parentUUID": "0294d613-d476-4234-afe2-d4bb234e6aa4",
              "isHook": false,
              "skipped": false
            },
            {
              "title": "Verifica se após selecionar uma outra cor na paleta, é possível pintar os pixels com essa cor",
              "fullTitle": "8 - Clicar em um pixel dentro do quadro após selecionar uma cor na paleta, faz com que o pixel seja preenchido com a cor selecionada. Verifica se após selecionar uma outra cor na paleta, é possível pintar os pixels com essa cor",
              "timedOut": null,
              "duration": 4416,
              "state": "failed",
              "speed": null,
              "pass": false,
              "fail": true,
              "pending": false,
              "context": null,
              "code": "cy.get('.color').each(function (color) {\n  var backgroundColor = color.css('background-color');\n  cy.wrap(color).click();\n  cy.get('.pixel').each(function (pixel) {\n    cy.wrap(pixel).click().should('have.css', 'background-color', backgroundColor);\n  });\n});",
              "err": {
                "message": "CypressError: Timed out retrying: Expected to find element: '.color', but never found it.",
                "estack": "CypressError: Timed out retrying: Expected to find element: '.color', but never found it.\n    at cypressErr (http://localhost:41821/__cypress/runner/cypress_runner.js:149934:9)\n    at throwErr (http://localhost:41821/__cypress/runner/cypress_runner.js:149867:11)\n    at Object.throwErrByPath (http://localhost:41821/__cypress/runner/cypress_runner.js:149915:3)\n    at retry (http://localhost:41821/__cypress/runner/cypress_runner.js:144197:19)\n    at onFailFn (http://localhost:41821/__cypress/runner/cypress_runner.js:132448:16)\n    at tryCatcher (http://localhost:41821/__cypress/runner/cypress_runner.js:167415:23)\n    at Promise._settlePromiseFromHandler (http://localhost:41821/__cypress/runner/cypress_runner.js:165351:31)\n    at Promise._settlePromise (http://localhost:41821/__cypress/runner/cypress_runner.js:165408:18)\n    at Promise._settlePromise0 (http://localhost:41821/__cypress/runner/cypress_runner.js:165453:10)\n    at Promise._settlePromises (http://localhost:41821/__cypress/runner/cypress_runner.js:165528:18)\n    at Async../node_modules/bluebird/js/release/async.js.Async._drainQueue (http://localhost:41821/__cypress/runner/cypress_runner.js:162140:16)\n    at Async../node_modules/bluebird/js/release/async.js.Async._drainQueues (http://localhost:41821/__cypress/runner/cypress_runner.js:162150:10)\n    at Async.drainQueues (http://localhost:41821/__cypress/runner/cypress_runner.js:162024:14)",
                "diff": null
              },
              "uuid": "bd601c35-5539-4dd5-b9b6-5a18a3be055a",
              "parentUUID": "0294d613-d476-4234-afe2-d4bb234e6aa4",
              "isHook": false,
              "skipped": false
            },
            {
              "title": "Verifica se somente o pixel que foi clicado foi preenchido com a cor selecionada, sem influenciar na cor dos demais pixels.",
              "fullTitle": "8 - Clicar em um pixel dentro do quadro após selecionar uma cor na paleta, faz com que o pixel seja preenchido com a cor selecionada. Verifica se somente o pixel que foi clicado foi preenchido com a cor selecionada, sem influenciar na cor dos demais pixels.",
              "timedOut": null,
              "duration": 4452,
              "state": "failed",
              "speed": null,
              "pass": false,
              "fail": true,
              "pending": false,
              "context": null,
              "code": "var colorToPixelIndexMap = {\n  0: 6,\n  1: 8,\n  2: 16,\n  3: 18\n};\ncy.get('.color').each(function (color, index) {\n  cy.wrap(color).click();\n  var backgroundColor = color.css('background-color');\n  var clickedPixelIndex = colorToPixelIndexMap[index];\n  cy.get('.pixel').eq(clickedPixelIndex).click();\n  cy.get('.pixel').eq(clickedPixelIndex - 1).should('not.have.css', 'background-color', backgroundColor);\n  cy.get('.pixel').eq(clickedPixelIndex + 1).should('not.have.css', 'background-color', backgroundColor);\n  cy.get('.pixel').eq(clickedPixelIndex - 5).should('not.have.css', 'background-color', backgroundColor);\n  cy.get('.pixel').eq(clickedPixelIndex + 5).should('not.have.css', 'background-color', backgroundColor);\n  cy.get('.pixel').eq(clickedPixelIndex - 6).should('not.have.css', 'background-color', backgroundColor);\n  cy.get('.pixel').eq(clickedPixelIndex - 4).should('not.have.css', 'background-color', backgroundColor);\n  cy.get('.pixel').eq(clickedPixelIndex + 4).should('not.have.css', 'background-color', backgroundColor);\n  cy.get('.pixel').eq(clickedPixelIndex + 6).should('not.have.css', 'background-color', backgroundColor);\n});",
              "err": {
                "message": "CypressError: Timed out retrying: Expected to find element: '.color', but never found it.",
                "estack": "CypressError: Timed out retrying: Expected to find element: '.color', but never found it.\n    at cypressErr (http://localhost:41821/__cypress/runner/cypress_runner.js:149934:9)\n    at throwErr (http://localhost:41821/__cypress/runner/cypress_runner.js:149867:11)\n    at Object.throwErrByPath (http://localhost:41821/__cypress/runner/cypress_runner.js:149915:3)\n    at retry (http://localhost:41821/__cypress/runner/cypress_runner.js:144197:19)\n    at onFailFn (http://localhost:41821/__cypress/runner/cypress_runner.js:132448:16)\n    at tryCatcher (http://localhost:41821/__cypress/runner/cypress_runner.js:167415:23)\n    at Promise._settlePromiseFromHandler (http://localhost:41821/__cypress/runner/cypress_runner.js:165351:31)\n    at Promise._settlePromise (http://localhost:41821/__cypress/runner/cypress_runner.js:165408:18)\n    at Promise._settlePromise0 (http://localhost:41821/__cypress/runner/cypress_runner.js:165453:10)\n    at Promise._settlePromises (http://localhost:41821/__cypress/runner/cypress_runner.js:165528:18)\n    at Async../node_modules/bluebird/js/release/async.js.Async._drainQueue (http://localhost:41821/__cypress/runner/cypress_runner.js:162140:16)\n    at Async../node_modules/bluebird/js/release/async.js.Async._drainQueues (http://localhost:41821/__cypress/runner/cypress_runner.js:162150:10)\n    at Async.drainQueues (http://localhost:41821/__cypress/runner/cypress_runner.js:162024:14)",
                "diff": null
              },
              "uuid": "6bfa55f5-27ac-49cf-b5ba-7b2371517393",
              "parentUUID": "0294d613-d476-4234-afe2-d4bb234e6aa4",
              "isHook": false,
              "skipped": false
            }
          ],
          "suites": [],
          "passes": [],
          "failures": [
            "f648193f-6a66-4659-8f12-77a89504c2a5",
            "bd601c35-5539-4dd5-b9b6-5a18a3be055a",
            "6bfa55f5-27ac-49cf-b5ba-7b2371517393"
          ],
          "pending": [],
          "skipped": [],
          "duration": 13359,
          "root": false,
          "rootEmpty": false,
          "_timeout": 2000
        },
        {
          "uuid": "859509f9-6b60-4220-8428-1e9abeb59997",
          "title": "9 - Crie um botão que, ao ser clicado, limpa o quadro preenchendo a cor de todos seus pixels com branco.",
          "fullFile": "",
          "file": "",
          "beforeHooks": [],
          "afterHooks": [],
          "tests": [
            {
              "title": "Verifica se o botão tem o `id` denominado `clear-board`",
              "fullTitle": "9 - Crie um botão que, ao ser clicado, limpa o quadro preenchendo a cor de todos seus pixels com branco. Verifica se o botão tem o `id` denominado `clear-board`",
              "timedOut": null,
              "duration": 4469,
              "state": "failed",
              "speed": null,
              "pass": false,
              "fail": true,
              "pending": false,
              "context": null,
              "code": "cy.get('#clear-board').should('be.visible');",
              "err": {
                "message": "CypressError: Timed out retrying: Expected to find element: '#clear-board', but never found it.",
                "estack": "CypressError: Timed out retrying: Expected to find element: '#clear-board', but never found it.\n    at cypressErr (http://localhost:41821/__cypress/runner/cypress_runner.js:149934:9)\n    at throwErr (http://localhost:41821/__cypress/runner/cypress_runner.js:149867:11)\n    at Object.throwErrByPath (http://localhost:41821/__cypress/runner/cypress_runner.js:149915:3)\n    at retry (http://localhost:41821/__cypress/runner/cypress_runner.js:144197:19)\n    at onFailFn (http://localhost:41821/__cypress/runner/cypress_runner.js:132448:16)\n    at tryCatcher (http://localhost:41821/__cypress/runner/cypress_runner.js:167415:23)\n    at Promise._settlePromiseFromHandler (http://localhost:41821/__cypress/runner/cypress_runner.js:165351:31)\n    at Promise._settlePromise (http://localhost:41821/__cypress/runner/cypress_runner.js:165408:18)\n    at Promise._settlePromise0 (http://localhost:41821/__cypress/runner/cypress_runner.js:165453:10)\n    at Promise._settlePromises (http://localhost:41821/__cypress/runner/cypress_runner.js:165528:18)\n    at Async../node_modules/bluebird/js/release/async.js.Async._drainQueue (http://localhost:41821/__cypress/runner/cypress_runner.js:162140:16)\n    at Async../node_modules/bluebird/js/release/async.js.Async._drainQueues (http://localhost:41821/__cypress/runner/cypress_runner.js:162150:10)\n    at Async.drainQueues (http://localhost:41821/__cypress/runner/cypress_runner.js:162024:14)",
                "diff": null
              },
              "uuid": "b2f5d08a-bcd5-4968-8908-968337b39e43",
              "parentUUID": "859509f9-6b60-4220-8428-1e9abeb59997",
              "isHook": false,
              "skipped": false
            },
            {
              "title": "Verifica se o botão está posicionado entre a paleta de cores e o quadro de pixels",
              "fullTitle": "9 - Crie um botão que, ao ser clicado, limpa o quadro preenchendo a cor de todos seus pixels com branco. Verifica se o botão está posicionado entre a paleta de cores e o quadro de pixels",
              "timedOut": null,
              "duration": 4533,
              "state": "failed",
              "speed": null,
              "pass": false,
              "fail": true,
              "pending": false,
              "context": null,
              "code": "cy.get('#color-palette').then(function (palette) {\n  cy.get('#clear-board').should('be.belowOf', palette);\n});\ncy.get('#clear-board').then(function (clearBtn) {\n  cy.get('#pixel-board').should('be.belowOf', clearBtn);\n});",
              "err": {
                "message": "CypressError: Timed out retrying: Expected to find element: '#color-palette', but never found it.",
                "estack": "CypressError: Timed out retrying: Expected to find element: '#color-palette', but never found it.\n    at cypressErr (http://localhost:41821/__cypress/runner/cypress_runner.js:149934:9)\n    at throwErr (http://localhost:41821/__cypress/runner/cypress_runner.js:149867:11)\n    at Object.throwErrByPath (http://localhost:41821/__cypress/runner/cypress_runner.js:149915:3)\n    at retry (http://localhost:41821/__cypress/runner/cypress_runner.js:144197:19)\n    at onFailFn (http://localhost:41821/__cypress/runner/cypress_runner.js:132448:16)\n    at tryCatcher (http://localhost:41821/__cypress/runner/cypress_runner.js:167415:23)\n    at Promise._settlePromiseFromHandler (http://localhost:41821/__cypress/runner/cypress_runner.js:165351:31)\n    at Promise._settlePromise (http://localhost:41821/__cypress/runner/cypress_runner.js:165408:18)\n    at Promise._settlePromise0 (http://localhost:41821/__cypress/runner/cypress_runner.js:165453:10)\n    at Promise._settlePromises (http://localhost:41821/__cypress/runner/cypress_runner.js:165528:18)\n    at Async../node_modules/bluebird/js/release/async.js.Async._drainQueue (http://localhost:41821/__cypress/runner/cypress_runner.js:162140:16)\n    at Async../node_modules/bluebird/js/release/async.js.Async._drainQueues (http://localhost:41821/__cypress/runner/cypress_runner.js:162150:10)\n    at Async.drainQueues (http://localhost:41821/__cypress/runner/cypress_runner.js:162024:14)",
                "diff": null
              },
              "uuid": "6d0f903b-ada1-4b6a-a19f-b45cddc50bb5",
              "parentUUID": "859509f9-6b60-4220-8428-1e9abeb59997",
              "isHook": false,
              "skipped": false
            },
            {
              "title": "Verifica se o texto do botão é 'Limpar'",
              "fullTitle": "9 - Crie um botão que, ao ser clicado, limpa o quadro preenchendo a cor de todos seus pixels com branco. Verifica se o texto do botão é 'Limpar'",
              "timedOut": null,
              "duration": 4457,
              "state": "failed",
              "speed": null,
              "pass": false,
              "fail": true,
              "pending": false,
              "context": null,
              "code": "cy.get('#clear-board').should('contain.text', 'Limpar');",
              "err": {
                "message": "CypressError: Timed out retrying: Expected to find element: '#clear-board', but never found it.",
                "estack": "CypressError: Timed out retrying: Expected to find element: '#clear-board', but never found it.\n    at cypressErr (http://localhost:41821/__cypress/runner/cypress_runner.js:149934:9)\n    at throwErr (http://localhost:41821/__cypress/runner/cypress_runner.js:149867:11)\n    at Object.throwErrByPath (http://localhost:41821/__cypress/runner/cypress_runner.js:149915:3)\n    at retry (http://localhost:41821/__cypress/runner/cypress_runner.js:144197:19)\n    at onFailFn (http://localhost:41821/__cypress/runner/cypress_runner.js:132448:16)\n    at tryCatcher (http://localhost:41821/__cypress/runner/cypress_runner.js:167415:23)\n    at Promise._settlePromiseFromHandler (http://localhost:41821/__cypress/runner/cypress_runner.js:165351:31)\n    at Promise._settlePromise (http://localhost:41821/__cypress/runner/cypress_runner.js:165408:18)\n    at Promise._settlePromise0 (http://localhost:41821/__cypress/runner/cypress_runner.js:165453:10)\n    at Promise._settlePromises (http://localhost:41821/__cypress/runner/cypress_runner.js:165528:18)\n    at Async../node_modules/bluebird/js/release/async.js.Async._drainQueue (http://localhost:41821/__cypress/runner/cypress_runner.js:162140:16)\n    at Async../node_modules/bluebird/js/release/async.js.Async._drainQueues (http://localhost:41821/__cypress/runner/cypress_runner.js:162150:10)\n    at Async.drainQueues (http://localhost:41821/__cypress/runner/cypress_runner.js:162024:14)",
                "diff": null
              },
              "uuid": "0f05f4e1-59fa-45ff-8756-b55d5cb13bfa",
              "parentUUID": "859509f9-6b60-4220-8428-1e9abeb59997",
              "isHook": false,
              "skipped": false
            },
            {
              "title": "Verifica se ao clicar no botão, o quadro de pixels é totalmente preenchido de branco",
              "fullTitle": "9 - Crie um botão que, ao ser clicado, limpa o quadro preenchendo a cor de todos seus pixels com branco. Verifica se ao clicar no botão, o quadro de pixels é totalmente preenchido de branco",
              "timedOut": null,
              "duration": 4444,
              "state": "failed",
              "speed": null,
              "pass": false,
              "fail": true,
              "pending": false,
              "context": null,
              "code": "cy.get('.color').eq(1).then(function (color) {\n  var backgroundColor = color.css('background-color');\n  cy.wrap(color).click();\n  cy.get('.pixel').each(function (pixel) {\n    cy.wrap(pixel).click().should('have.css', 'background-color', backgroundColor);\n  });\n});\ncy.get('#clear-board').click();\ncy.get('.pixel').each(function (pixel) {\n  cy.wrap(pixel).should('have.css', 'background-color', WHITE);\n});",
              "err": {
                "message": "CypressError: Timed out retrying: Expected to find element: '.color', but never found it.",
                "estack": "CypressError: Timed out retrying: Expected to find element: '.color', but never found it.\n    at cypressErr (http://localhost:41821/__cypress/runner/cypress_runner.js:149934:9)\n    at throwErr (http://localhost:41821/__cypress/runner/cypress_runner.js:149867:11)\n    at Object.throwErrByPath (http://localhost:41821/__cypress/runner/cypress_runner.js:149915:3)\n    at retry (http://localhost:41821/__cypress/runner/cypress_runner.js:144197:19)\n    at onFailFn (http://localhost:41821/__cypress/runner/cypress_runner.js:132448:16)\n    at tryCatcher (http://localhost:41821/__cypress/runner/cypress_runner.js:167415:23)\n    at Promise._settlePromiseFromHandler (http://localhost:41821/__cypress/runner/cypress_runner.js:165351:31)\n    at Promise._settlePromise (http://localhost:41821/__cypress/runner/cypress_runner.js:165408:18)\n    at Promise._settlePromise0 (http://localhost:41821/__cypress/runner/cypress_runner.js:165453:10)\n    at Promise._settlePromises (http://localhost:41821/__cypress/runner/cypress_runner.js:165528:18)\n    at Async../node_modules/bluebird/js/release/async.js.Async._drainQueue (http://localhost:41821/__cypress/runner/cypress_runner.js:162140:16)\n    at Async../node_modules/bluebird/js/release/async.js.Async._drainQueues (http://localhost:41821/__cypress/runner/cypress_runner.js:162150:10)\n    at Async.drainQueues (http://localhost:41821/__cypress/runner/cypress_runner.js:162024:14)",
                "diff": null
              },
              "uuid": "81cc7fdd-ef95-4428-b1ab-a118025c5718",
              "parentUUID": "859509f9-6b60-4220-8428-1e9abeb59997",
              "isHook": false,
              "skipped": false
            }
          ],
          "suites": [],
          "passes": [],
          "failures": [
            "b2f5d08a-bcd5-4968-8908-968337b39e43",
            "6d0f903b-ada1-4b6a-a19f-b45cddc50bb5",
            "0f05f4e1-59fa-45ff-8756-b55d5cb13bfa",
            "81cc7fdd-ef95-4428-b1ab-a118025c5718"
          ],
[...]
                "diff": null
              },
              "uuid": "325355f9-47cb-498d-acb8-11b791be5769",
              "parentUUID": "d00b0fde-7806-4804-9c6c-f9a69b86fd81",
              "isHook": false,
              "skipped": false
            },
            {
              "title": "Verifica se o novo quadro tem todos os pixels preenchidos com a cor branca",
              "fullTitle": "10 - Faça o quadro de pixels ter seu tamanho definido pelo usuário. Verifica se o novo quadro tem todos os pixels preenchidos com a cor branca",
              "timedOut": null,
              "duration": 4382,
              "state": "failed",
              "speed": null,
              "pass": false,
              "fail": true,
              "pending": false,
              "context": null,
              "code": "cy.get('#board-size').clear().type(6);\ncy.get('#generate-board').click();\ncy.get('.pixel').should('have.length', 36).each(function (pixel) {\n  expect(pixel).to.have.css('background-color', WHITE);\n});",
              "err": {
                "message": "CypressError: Timed out retrying: Expected to find element: '#board-size', but never found it.",
                "estack": "CypressError: Timed out retrying: Expected to find element: '#board-size', but never found it.\n    at cypressErr (http://localhost:41821/__cypress/runner/cypress_runner.js:149934:9)\n    at throwErr (http://localhost:41821/__cypress/runner/cypress_runner.js:149867:11)\n    at Object.throwErrByPath (http://localhost:41821/__cypress/runner/cypress_runner.js:149915:3)\n    at retry (http://localhost:41821/__cypress/runner/cypress_runner.js:144197:19)\n    at onFailFn (http://localhost:41821/__cypress/runner/cypress_runner.js:132448:16)\n    at tryCatcher (http://localhost:41821/__cypress/runner/cypress_runner.js:167415:23)\n    at Promise._settlePromiseFromHandler (http://localhost:41821/__cypress/runner/cypress_runner.js:165351:31)\n    at Promise._settlePromise (http://localhost:41821/__cypress/runner/cypress_runner.js:165408:18)\n    at Promise._settlePromise0 (http://localhost:41821/__cypress/runner/cypress_runner.js:165453:10)\n    at Promise._settlePromises (http://localhost:41821/__cypress/runner/cypress_runner.js:165528:18)\n    at Async../node_modules/bluebird/js/release/async.js.Async._drainQueue (http://localhost:41821/__cypress/runner/cypress_runner.js:162140:16)\n    at Async../node_modules/bluebird/js/release/async.js.Async._drainQueues (http://localhost:41821/__cypress/runner/cypress_runner.js:162150:10)\n    at Async.drainQueues (http://localhost:41821/__cypress/runner/cypress_runner.js:162024:14)",
                "diff": null
              },
              "uuid": "1318516b-cd29-4a44-b5a6-b5593ab2518f",
              "parentUUID": "d00b0fde-7806-4804-9c6c-f9a69b86fd81",
              "isHook": false,
              "skipped": false
            }
          ],
          "suites": [],
          "passes": [],
          "failures": [
            "63965ea8-d63b-410f-99d6-cc5864937f45",
            "d9d39dc4-851e-45a0-901d-e07614f18162",
            "1c7afc43-e30c-44d8-aa7b-0649c2ca80fc",
            "f49674e3-ad72-45f3-9c39-94ddaa19a0a8",
            "3a9a5373-65e5-4dd2-9891-318e6f706f67",
            "f2f2d0b5-594f-45c4-b465-979d207a0e5b",
            "4c30fedf-3868-47fc-8397-3f24753db706",
            "325355f9-47cb-498d-acb8-11b791be5769",
            "1318516b-cd29-4a44-b5a6-b5593ab2518f"
          ],
          "pending": [],
          "skipped": [],
          "duration": 39802,
          "root": false,
          "rootEmpty": false,
          "_timeout": 2000
        },
        {
          "uuid": "17695b5f-1675-45fe-b620-3f1e897c94da",
          "title": "11 - Limite o tamanho mínimo e máximo do board.",
          "fullFile": "",
          "file": "",
          "beforeHooks": [],
          "afterHooks": [],
          "tests": [
            {
              "title": "Verifica se a altura máxima do board é 50",
              "fullTitle": "11 - Limite o tamanho mínimo e máximo do board. Verifica se a altura máxima do board é 50",
              "timedOut": null,
              "duration": 4487,
              "state": "failed",
              "speed": null,
              "pass": false,
              "fail": true,
              "pending": false,
              "context": null,
              "code": "cy.get('#board-size').clear().type(50);\ncy.get('#generate-board').click();\ncy.get('.pixel').should('have.length', 2500);",
              "err": {
                "message": "CypressError: Timed out retrying: Expected to find element: '#board-size', but never found it.",
                "estack": "CypressError: Timed out retrying: Expected to find element: '#board-size', but never found it.\n    at cypressErr (http://localhost:41821/__cypress/runner/cypress_runner.js:149934:9)\n    at throwErr (http://localhost:41821/__cypress/runner/cypress_runner.js:149867:11)\n    at Object.throwErrByPath (http://localhost:41821/__cypress/runner/cypress_runner.js:149915:3)\n    at retry (http://localhost:41821/__cypress/runner/cypress_runner.js:144197:19)\n    at onFailFn (http://localhost:41821/__cypress/runner/cypress_runner.js:132448:16)\n    at tryCatcher (http://localhost:41821/__cypress/runner/cypress_runner.js:167415:23)\n    at Promise._settlePromiseFromHandler (http://localhost:41821/__cypress/runner/cypress_runner.js:165351:31)\n    at Promise._settlePromise (http://localhost:41821/__cypress/runner/cypress_runner.js:165408:18)\n    at Promise._settlePromise0 (http://localhost:41821/__cypress/runner/cypress_runner.js:165453:10)\n    at Promise._settlePromises (http://localhost:41821/__cypress/runner/cypress_runner.js:165528:18)\n    at Async../node_modules/bluebird/js/release/async.js.Async._drainQueue (http://localhost:41821/__cypress/runner/cypress_runner.js:162140:16)\n    at Async../node_modules/bluebird/js/release/async.js.Async._drainQueues (http://localhost:41821/__cypress/runner/cypress_runner.js:162150:10)\n    at Async.drainQueues (http://localhost:41821/__cypress/runner/cypress_runner.js:162024:14)",
                "diff": null
              },
              "uuid": "ebd8a10c-d605-44ce-894a-2ca783854c1f",
              "parentUUID": "17695b5f-1675-45fe-b620-3f1e897c94da",
              "isHook": false,
              "skipped": false
            },
            {
              "title": "Verifica se a altura do board é 5 quando um valor menor é colocado no input",
              "fullTitle": "11 - Limite o tamanho mínimo e máximo do board. Verifica se a altura do board é 5 quando um valor menor é colocado no input",
              "timedOut": null,
              "duration": 4392,
              "state": "failed",
              "speed": null,
              "pass": false,
              "fail": true,
              "pending": false,
              "context": null,
              "code": "cy.get('#board-size').clear().type(4);\ncy.get('#generate-board').click();\ncy.get('.pixel').should('have.length', 25);",
              "err": {
                "message": "CypressError: Timed out retrying: Expected to find element: '#board-size', but never found it.",
                "estack": "CypressError: Timed out retrying: Expected to find element: '#board-size', but never found it.\n    at cypressErr (http://localhost:41821/__cypress/runner/cypress_runner.js:149934:9)\n    at throwErr (http://localhost:41821/__cypress/runner/cypress_runner.js:149867:11)\n    at Object.throwErrByPath (http://localhost:41821/__cypress/runner/cypress_runner.js:149915:3)\n    at retry (http://localhost:41821/__cypress/runner/cypress_runner.js:144197:19)\n    at onFailFn (http://localhost:41821/__cypress/runner/cypress_runner.js:132448:16)\n    at tryCatcher (http://localhost:41821/__cypress/runner/cypress_runner.js:167415:23)\n    at Promise._settlePromiseFromHandler (http://localhost:41821/__cypress/runner/cypress_runner.js:165351:31)\n    at Promise._settlePromise (http://localhost:41821/__cypress/runner/cypress_runner.js:165408:18)\n    at Promise._settlePromise0 (http://localhost:41821/__cypress/runner/cypress_runner.js:165453:10)\n    at Promise._settlePromises (http://localhost:41821/__cypress/runner/cypress_runner.js:165528:18)\n    at Async../node_modules/bluebird/js/release/async.js.Async._drainQueue (http://localhost:41821/__cypress/runner/cypress_runner.js:162140:16)\n    at Async../node_modules/bluebird/js/release/async.js.Async._drainQueues (http://localhost:41821/__cypress/runner/cypress_runner.js:162150:10)\n    at Async.drainQueues (http://localhost:41821/__cypress/runner/cypress_runner.js:162024:14)",
                "diff": null
              },
              "uuid": "3615bb2e-a653-41bc-b5b9-6294c687fabb",
              "parentUUID": "17695b5f-1675-45fe-b620-3f1e897c94da",
              "isHook": false,
              "skipped": false
            },
            {
              "title": "Verifica se a altura do board é 50 quando um valor maior é colocado no input",
              "fullTitle": "11 - Limite o tamanho mínimo e máximo do board. Verifica se a altura do board é 50 quando um valor maior é colocado no input",
              "timedOut": null,
              "duration": 4478,
              "state": "failed",
              "speed": null,
              "pass": false,
              "fail": true,
              "pending": false,
              "context": null,
              "code": "cy.get('#board-size').clear().type(51);\ncy.get('#generate-board').click();\ncy.get('.pixel').should('have.length', 2500);",
              "err": {
                "message": "CypressError: Timed out retrying: Expected to find element: '#board-size', but never found it.",
                "estack": "CypressError: Timed out retrying: Expected to find element: '#board-size', but never found it.\n    at cypressErr (http://localhost:41821/__cypress/runner/cypress_runner.js:149934:9)\n    at throwErr (http://localhost:41821/__cypress/runner/cypress_runner.js:149867:11)\n    at Object.throwErrByPath (http://localhost:41821/__cypress/runner/cypress_runner.js:149915:3)\n    at retry (http://localhost:41821/__cypress/runner/cypress_runner.js:144197:19)\n    at onFailFn (http://localhost:41821/__cypress/runner/cypress_runner.js:132448:16)\n    at tryCatcher (http://localhost:41821/__cypress/runner/cypress_runner.js:167415:23)\n    at Promise._settlePromiseFromHandler (http://localhost:41821/__cypress/runner/cypress_runner.js:165351:31)\n    at Promise._settlePromise (http://localhost:41821/__cypress/runner/cypress_runner.js:165408:18)\n    at Promise._settlePromise0 (http://localhost:41821/__cypress/runner/cypress_runner.js:165453:10)\n    at Promise._settlePromises (http://localhost:41821/__cypress/runner/cypress_runner.js:165528:18)\n    at Async../node_modules/bluebird/js/release/async.js.Async._drainQueue (http://localhost:41821/__cypress/runner/cypress_runner.js:162140:16)\n    at Async../node_modules/bluebird/js/release/async.js.Async._drainQueues (http://localhost:41821/__cypress/runner/cypress_runner.js:162150:10)\n    at Async.drainQueues (http://localhost:41821/__cypress/runner/cypress_runner.js:162024:14)",
                "diff": null
              },
              "uuid": "b768ebcd-b190-4802-a158-93404ec58de1",
              "parentUUID": "17695b5f-1675-45fe-b620-3f1e897c94da",
              "isHook": false,
              "skipped": false
            }
          ],
          "suites": [],
          "passes": [],
          "failures": [
            "ebd8a10c-d605-44ce-894a-2ca783854c1f",
            "3615bb2e-a653-41bc-b5b9-6294c687fabb",
            "b768ebcd-b190-4802-a158-93404ec58de1"
          ],
          "pending": [],
          "skipped": [],
          "duration": 13357,
          "root": false,
          "rootEmpty": false,
          "_timeout": 2000
        },
        {
          "uuid": "cd7376bd-7a73-4d2e-a868-11aba3ab636c",
          "title": "12 - Faça com que as cores da paleta sejam geradas aleatoriamente ao carregar a página.",
          "fullFile": "",
          "file": "",
          "beforeHooks": [],
          "afterHooks": [],
          "tests": [
            {
              "title": "Verifica se as cores geradas na paleta são diferentes a cada carregamento da página",
              "fullTitle": "12 - Faça com que as cores da paleta sejam geradas aleatoriamente ao carregar a página. Verifica se as cores geradas na paleta são diferentes a cada carregamento da página",
              "timedOut": null,
              "duration": 4639,
              "state": "failed",
              "speed": null,
              "pass": false,
              "fail": true,
              "pending": false,
              "context": null,
              "code": "cy.get('.color').then(function (colors) {\n  var currentColors;\n  var previousColors;\n  previousColors = Array.from(colors).map(function (color) {\n    return Cypress.$(color).css('background-color');\n  });\n  for (var i = 0; i < 5; i += 1) {\n    cy.reload();\n    cy.get('.color').then(function (colors) {\n      currentColors = Array.from(colors).map(function (color) {\n        return Cypress.$(color).css('background-color');\n      });\n      expect(currentColors).not.to.deep.equal(previousColors);\n      previousColors = currentColors;\n    });\n  }\n});",
              "err": {
                "message": "CypressError: Timed out retrying: Expected to find element: '.color', but never found it.",
                "estack": "CypressError: Timed out retrying: Expected to find element: '.color', but never found it.\n    at cypressErr (http://localhost:41821/__cypress/runner/cypress_runner.js:149934:9)\n    at throwErr (http://localhost:41821/__cypress/runner/cypress_runner.js:149867:11)\n    at Object.throwErrByPath (http://localhost:41821/__cypress/runner/cypress_runner.js:149915:3)\n    at retry (http://localhost:41821/__cypress/runner/cypress_runner.js:144197:19)\n    at onFailFn (http://localhost:41821/__cypress/runner/cypress_runner.js:132448:16)\n    at tryCatcher (http://localhost:41821/__cypress/runner/cypress_runner.js:167415:23)\n    at Promise._settlePromiseFromHandler (http://localhost:41821/__cypress/runner/cypress_runner.js:165351:31)\n    at Promise._settlePromise (http://localhost:41821/__cypress/runner/cypress_runner.js:165408:18)\n    at Promise._settlePromise0 (http://localhost:41821/__cypress/runner/cypress_runner.js:165453:10)\n    at Promise._settlePromises (http://localhost:41821/__cypress/runner/cypress_runner.js:165528:18)\n    at Async../node_modules/bluebird/js/release/async.js.Async._drainQueue (http://localhost:41821/__cypress/runner/cypress_runner.js:162140:16)\n    at Async../node_modules/bluebird/js/release/async.js.Async._drainQueues (http://localhost:41821/__cypress/runner/cypress_runner.js:162150:10)\n    at Async.drainQueues (http://localhost:41821/__cypress/runner/cypress_runner.js:162024:14)",
                "diff": null
              },
              "uuid": "d48c132e-8d97-40c4-8abd-f51e9c62bb45",
              "parentUUID": "cd7376bd-7a73-4d2e-a868-11aba3ab636c",
              "isHook": false,
              "skipped": false
            },
            {
              "title": "Verifica se a cor preta ainda está presente e é a primeira na sua paleta de cores",
              "fullTitle": "12 - Faça com que as cores da paleta sejam geradas aleatoriamente ao carregar a página. Verifica se a cor preta ainda está presente e é a primeira na sua paleta de cores",
              "timedOut": null,
              "duration": 4507,
              "state": "failed",
              "speed": null,
              "pass": false,
              "fail": true,
              "pending": false,
              "context": null,
              "code": "cy.get('.color').then(function (colors) {\n  var currentColors;\n  var previousColors;\n  previousColors = Array.from(colors).map(function (color) {\n    return Cypress.$(color).css('background-color');\n  });\n  expect(previousColors[0]).to.eq(BLACK);\n  for (var i = 0; i < 5; i += 1) {\n    cy.reload();\n    cy.get('.color').then(function (colors) {\n      currentColors = Array.from(colors).map(function (color) {\n        return Cypress.$(color).css('background-color');\n      });\n      expect(currentColors[0]).to.eq(BLACK);\n      expect(currentColors).not.to.deep.equal(previousColors);\n      previousColors = currentColors;\n    });\n  }\n});",
              "err": {
                "message": "CypressError: Timed out retrying: Expected to find element: '.color', but never found it.",
                "estack": "CypressError: Timed out retrying: Expected to find element: '.color', but never found it.\n    at cypressErr (http://localhost:41821/__cypress/runner/cypress_runner.js:149934:9)\n    at throwErr (http://localhost:41821/__cypress/runner/cypress_runner.js:149867:11)\n    at Object.throwErrByPath (http://localhost:41821/__cypress/runner/cypress_runner.js:149915:3)\n    at retry (http://localhost:41821/__cypress/runner/cypress_runner.js:144197:19)\n    at onFailFn (http://localhost:41821/__cypress/runner/cypress_runner.js:132448:16)\n    at tryCatcher (http://localhost:41821/__cypress/runner/cypress_runner.js:167415:23)\n    at Promise._settlePromiseFromHandler (http://localhost:41821/__cypress/runner/cypress_runner.js:165351:31)\n    at Promise._settlePromise (http://localhost:41821/__cypress/runner/cypress_runner.js:165408:18)\n    at Promise._settlePromise0 (http://localhost:41821/__cypress/runner/cypress_runner.js:165453:10)\n    at Promise._settlePromises (http://localhost:41821/__cypress/runner/cypress_runner.js:165528:18)\n    at Async../node_modules/bluebird/js/release/async.js.Async._drainQueue (http://localhost:41821/__cypress/runner/cypress_runner.js:162140:16)\n    at Async../node_modules/bluebird/js/release/async.js.Async._drainQueues (http://localhost:41821/__cypress/runner/cypress_runner.js:162150:10)\n    at Async.drainQueues (http://localhost:41821/__cypress/runner/cypress_runner.js:162024:14)",
                "diff": null
              },
              "uuid": "18ff0ef7-d265-4a30-82dc-ff2b057169be",
              "parentUUID": "cd7376bd-7a73-4d2e-a868-11aba3ab636c",
              "isHook": false,
              "skipped": false
            }
          ],
          "suites": [],
          "passes": [],
          "failures": [
            "d48c132e-8d97-40c4-8abd-f51e9c62bb45",
            "18ff0ef7-d265-4a30-82dc-ff2b057169be"
          ],
          "pending": [],
          "skipped": [],
          "duration": 9146,
          "root": false,
          "rootEmpty": false,
          "_timeout": 2000
        }
      ],
      "passes": [],
      "failures": [],
      "pending": [],
      "skipped": [],
      "duration": 0,
      "root": true,
      "rootEmpty": true,
      "_timeout": 2000
    }
  ],
  "meta": {
    "mocha": {
      "version": "7.0.1"
    },
    "mochawesome": {
      "options": {
        "quiet": false,
        "reportFilename": "mochawesome",
        "saveHtml": false,
        "saveJson": true,
        "consoleReporter": "spec",
        "useInlineDiffs": false
      },
      "version": "4.1.0"
    },
    "marge": {
      "options": {
        "id": "default",
        "reportDir": "cypress/reports",
        "overwrite": true,
        "html": false,
        "json": true
      },
      "version": "4.1.0"
    }
  }
}